<?xml version="1.0" encoding="UTF-8"?>
<testng-results ignored="0" total="1" passed="1" failed="0" skipped="0">
  <reporter-output>
  </reporter-output>
  <suite started-at="2021-04-01T13:41:04 IST" name="Default suite" finished-at="2021-04-01T13:41:15 IST" duration-ms="11080">
    <groups>
    </groups>
    <test started-at="2021-04-01T13:41:04 IST" name="Default test" finished-at="2021-04-01T13:41:15 IST" duration-ms="11080">
      <class name="tests.PostExample">
        <test-method signature="testPost()[pri:0, instance:tests.PostExample@1ffe63b9]" started-at="2021-04-01T13:41:04 IST" name="testPost" finished-at="2021-04-01T13:41:15 IST" duration-ms="10886" status="PASS">
          <reporter-output>
          </reporter-output>
        </test-method> <!-- testPost -->
      </class> <!-- tests.PostExample -->
    </test> <!-- Default test -->
  </suite> <!-- Default suite -->
</testng-results>
